Received registration data: {'email': 'belenovavaleria@gmail.com', 'password': 'cvbnm,./'}
Validation errors: {'name': [ErrorDetail(string='This field is required.', code='required')], 'email': [ErrorDetail(string='user with this email already exists.', code='unique')], 'telephon': [ErrorDetail(string='This field is required.', code='required')]}
Received registration data: {'email': 'belenovavaleria@gmail.com', 'password': 'cvbnm,./'}
Validation errors: {'name': [ErrorDetail(string='This field is required.', code='required')], 'email': [ErrorDetail(string='user with this email already exists.', code='unique')], 'telephon': [ErrorDetail(string='This field is required.', code='required')]}
Received registration data: {'name': 'Пупкин Василий Сергеевич', 'telephon': '89588867269', 'email': 'belenovavaleria@gmail.com', 'password': 'иригесрам'}
Validation errors: {'email': [ErrorDetail(string='user with this email address already exists.', code='unique')]}
Received registration data: {'name': 'Измайлов Федр Исакович', 'telephon': '89990905678', 'email': 'pinkbirdvb@gmail.com', 'password': '456tyu90o'}
Error creating user: UserManager.create_user() missing 1 required positional argument: 'username'
Received registration data: {'name': 'Измайлов Федр Исакович', 'telephon': '89990905678', 'email': 'pinkbirdvb@gmail.com', 'password': '456tyu90o'}
Received registration data: {'name': 'Измайлов Федр Исакович', 'telephon': '89990905678', 'email': 'pinkbirdvb@gmail.com', 'password': '456tyu90o'}
Validation errors: {'email': [ErrorDetail(string='user with this email address already exists.', code='unique')]}
Received registration data: {'name': 'Привалов Руслан Андреевич', 'telephon': '89902013532', 'email': 'snakefvg@mail.com', 'password': '456tyu90o'}
Error creating user: UserManager.create_user() missing 1 required positional argument: 'username'
Received registration data: {'name': 'Южный Андрей Андреевич', 'telephon': '87569652145', 'email': 'redSnake@mail.com', 'password': '345tyu890o'}
Received registration data: {'name': 'Южный Андрей Андреевич', 'telephon': '87569652145', 'email': 'pinkbirdvb@gmail.com', 'password': '456tyu90o'}
Error creating user: 'password'
Received registration data: {'name': 'Южный Андрей Андреевич', 'telephon': '87569652145', 'email': 'pinkbirdvb@gmail.com', 'password': '456tyu90o'}
Error creating user: 'password'
Received registration data: {'name': 'Южный Андрей Андреевич', 'telephon': '87569652145', 'email': 'pinkbirdvb@gmail.com', 'password': '456tyu90o'}
Serializer is valid
User created successfully: pinkbirdvb@gmail.com
Token created: c3f73b9c311c870a46fde7be6e53ddafe0800159
Fetching profile for user: pinkbirdvb@gmail.com
Fetching profile for user: pinkbirdvb@gmail.com
Fetching profile for user: pinkbirdvb@gmail.com
Fetching profile for user: pinkbirdvb@gmail.com
Received registration data: {'name': 'Пупкин Василий Сергеевич', 'telephon': '89588867269', 'email': 'pinkbirdvb@gmail.com', 'password': '456tyu90o'}
Validation errors: {'email': [ErrorDetail(string='user with this email address already exists.', code='unique')]}
Received registration data: {'name': 'Пупкин Василий Сергеевич', 'telephon': '89588867269', 'email': 'redSnake@mail.com', 'password': '345tyu890o'}
Serializer is valid
User created successfully: redSnake@mail.com
Token created: 80be8ea305520a9a5a1271d621c111014adcfe1c
Fetching profile for user: redSnake@mail.com
Fetching profile for user: redSnake@mail.com
Received registration data: {'name': 'Пупкин Василий Сергеевич', 'telephon': '89588867269', 'email': '1@mail.ru', 'password': '123456789'}
Fetching profile for user: redSnake@mail.com
Fetching profile for user: redSnake@mail.com
Fetching profile for user: redSnake@mail.com
Fetching profile for user: redSnake@mail.com
Fetching profile for user: redSnake@mail.com
Fetching profile for user: redSnake@mail.com
Fetching profile for user: redSnake@mail.com
Fetching profile for user: redSnake@mail.com
Fetching profile for user: redSnake@mail.com
Fetching profile for user: redSnake@mail.com
Fetching profile for user: redSnake@mail.com
Fetching profile for user: redSnake@mail.com
Received registration data: {'name': 'Жабина Алина Юровна', 'telephon': '75412365689', 'email': 'frog@mail.com', 'password': '125478963'}
Serializer is valid
User created successfully: frog@mail.com
Token created: d91163c378e8ce9adee0cc99d764ee8b0ab75faf
Fetching profile for user: frog@mail.com
Fetching profile for user: frog@mail.com
Fetching profile for user: frog@mail.com
Fetching profile for user: frog@mail.com
Fetching profile for user: frog@mail.com
Fetching profile for user: frog@mail.com
Fetching profile for user: frog@mail.com
Fetching profile for user: frog@mail.com
Fetching profile for user: frog@mail.com
Fetching profile for user: frog@mail.com
Fetching profile for user: frog@mail.com
Fetching profile for user: frog@mail.com
